Traceback (most recent call last):
  File "C:\CardiacSeg\complete_2d_inference.py", line 75, in <module>
    predictor.predict_from_files(
  File "C:\CardiacSeg\.venv\Lib\site-packages\nnunetv2\inference\predict_from_raw_data.py", line 268, in predict_from_files
    return self.predict_from_data_iterator(data_iterator, save_probabilities, num_processes_segmentation_export)
           ^^^^^^^^^^^^^^^^^^^^^^^^^^^^^^^^^^^^^^^^^^^^^^^^^^^^^^^^^^^^^^^^^^^^^^^^^^^^^^^^^^^^^^^^^^^^^^^^^^^^^
  File "C:\CardiacSeg\.venv\Lib\site-packages\nnunetv2\inference\predict_from_raw_data.py", line 358, in predict_from_data_iterator
    with multiprocessing.get_context("spawn").Pool(num_processes_segmentation_export) as export_pool:
         ^^^^^^^^^^^^^^^^^^^^^^^^^^^^^^^^^^^^^^^^^^^^^^^^^^^^^^^^^^^^^^^^^^^^^^^^^^^^
  File "C:\Users\tyler\AppData\Local\Programs\Python\Python311\Lib\multiprocessing\context.py", line 119, in Pool
    return Pool(processes, initializer, initargs, maxtasksperchild,
           ^^^^^^^^^^^^^^^^^^^^^^^^^^^^^^^^^^^^^^^^^^^^^^^^^^^^^^^^
  File "C:\Users\tyler\AppData\Local\Programs\Python\Python311\Lib\multiprocessing\pool.py", line 215, in __init__
    self._repopulate_pool()
  File "C:\Users\tyler\AppData\Local\Programs\Python\Python311\Lib\multiprocessing\pool.py", line 306, in _repopulate_pool
    return self._repopulate_pool_static(self._ctx, self.Process,
           ^^^^^^^^^^^^^^^^^^^^^^^^^^^^^^^^^^^^^^^^^^^^^^^^^^^^^
  File "C:\Users\tyler\AppData\Local\Programs\Python\Python311\Lib\multiprocessing\pool.py", line 329, in _repopulate_pool_static
    w.start()
  File "C:\Users\tyler\AppData\Local\Programs\Python\Python311\Lib\multiprocessing\process.py", line 121, in start
    self._popen = self._Popen(self)
                  ^^^^^^^^^^^^^^^^^
  File "C:\Users\tyler\AppData\Local\Programs\Python\Python311\Lib\multiprocessing\context.py", line 336, in _Popen
    return Popen(process_obj)
           ^^^^^^^^^^^^^^^^^^
  File "C:\Users\tyler\AppData\Local\Programs\Python\Python311\Lib\multiprocessing\popen_spawn_win32.py", line 46, in __init__
    prep_data = spawn.get_preparation_data(process_obj._name)
                ^^^^^^^^^^^^^^^^^^^^^^^^^^^^^^^^^^^^^^^^^^^^^
  File "C:\Users\tyler\AppData\Local\Programs\Python\Python311\Lib\multiprocessing\spawn.py", line 164, in get_preparation_data
    _check_not_importing_main()
  File "C:\Users\tyler\AppData\Local\Programs\Python\Python311\Lib\multiprocessing\spawn.py", line 140, in _check_not_importing_main
    raise RuntimeError('''
RuntimeError: 
        An attempt has been made to start a new process before the
        current process has finished its bootstrapping phase.

        This probably means that you are not using fork to start your
        child processes and you have forgotten to use the proper idiom
        in the main module:

            if __name__ == '__main__':
                freeze_support()
                ...

        The "freeze_support()" line can be omitted if the program
        is not going to be frozen to produce an executable.

        To fix this issue, refer to the "Safe importing of main module"
        section in https://docs.python.org/3/library/multiprocessing.html
        
nnUNet_raw is not defined and nnU-Net can only be used on data for which preprocessed files are already present on your system. nnU-Net cannot be used for experiment planning and preprocessing like this. If this is not intended, please read documentation/setting_up_paths.md for information on how to set this up properly.
nnUNet_preprocessed is not defined and nnU-Net can not be used for preprocessing or training. If this is not intended, please read documentation/setting_up_paths.md for information on how to set this up.
nnUNet_results is not defined and nnU-Net cannot be used for training or inference. If this is not intended behavior, please read documentation/setting_up_paths.md for information on how to set this up.
======================================================================
2D Inference - 剩餘 Validation Cases
======================================================================
模型: C:\CardiacSeg\nnUNet_results\Dataset001_CardiacSeg\nnUNetTrainer__nnUNetPlans__2d
輸出: C:\CardiacSeg\inference_2d_validation
Cases: ['patient0031', 'patient0033']
======================================================================
>> patient0031_0000.nii.gz
>> patient0033_0000.nii.gz

使用 device: cuda

初始化 predictor...
載入模型...
>> 模型載入完成

開始預測...
======================================================================
There are 2 cases in the source folder
I am processing 0 out of 1 (max process ID is 0, we start counting with 0!)
There are 2 cases that I would like to predict
overwrite was set to False, so I am only working on cases that haven't been predicted yet. That's 2 cases.

錯誤: 
        An attempt has been made to start a new process before the
        current process has finished its bootstrapping phase.

        This probably means that you are not using fork to start your
        child processes and you have forgotten to use the proper idiom
        in the main module:

            if __name__ == '__main__':
                freeze_support()
                ...

        The "freeze_support()" line can be omitted if the program
        is not going to be frozen to produce an executable.

        To fix this issue, refer to the "Safe importing of main module"
        section in https://docs.python.org/3/library/multiprocessing.html
        
Traceback (most recent call last):
  File "C:\CardiacSeg\complete_2d_inference.py", line 75, in <module>
    predictor.predict_from_files(
  File "C:\CardiacSeg\.venv\Lib\site-packages\nnunetv2\inference\predict_from_raw_data.py", line 268, in predict_from_files
    return self.predict_from_data_iterator(data_iterator, save_probabilities, num_processes_segmentation_export)
           ^^^^^^^^^^^^^^^^^^^^^^^^^^^^^^^^^^^^^^^^^^^^^^^^^^^^^^^^^^^^^^^^^^^^^^^^^^^^^^^^^^^^^^^^^^^^^^^^^^^^^
  File "C:\CardiacSeg\.venv\Lib\site-packages\nnunetv2\inference\predict_from_raw_data.py", line 358, in predict_from_data_iterator
    with multiprocessing.get_context("spawn").Pool(num_processes_segmentation_export) as export_pool:
         ^^^^^^^^^^^^^^^^^^^^^^^^^^^^^^^^^^^^^^^^^^^^^^^^^^^^^^^^^^^^^^^^^^^^^^^^^^^^
  File "C:\Users\tyler\AppData\Local\Programs\Python\Python311\Lib\multiprocessing\context.py", line 119, in Pool
    return Pool(processes, initializer, initargs, maxtasksperchild,
           ^^^^^^^^^^^^^^^^^^^^^^^^^^^^^^^^^^^^^^^^^^^^^^^^^^^^^^^^
  File "C:\Users\tyler\AppData\Local\Programs\Python\Python311\Lib\multiprocessing\pool.py", line 215, in __init__
    self._repopulate_pool()
  File "C:\Users\tyler\AppData\Local\Programs\Python\Python311\Lib\multiprocessing\pool.py", line 306, in _repopulate_pool
    return self._repopulate_pool_static(self._ctx, self.Process,
           ^^^^^^^^^^^^^^^^^^^^^^^^^^^^^^^^^^^^^^^^^^^^^^^^^^^^^
  File "C:\Users\tyler\AppData\Local\Programs\Python\Python311\Lib\multiprocessing\pool.py", line 329, in _repopulate_pool_static
    w.start()
  File "C:\Users\tyler\AppData\Local\Programs\Python\Python311\Lib\multiprocessing\process.py", line 121, in start
    self._popen = self._Popen(self)
                  ^^^^^^^^^^^^^^^^^
  File "C:\Users\tyler\AppData\Local\Programs\Python\Python311\Lib\multiprocessing\context.py", line 336, in _Popen
    return Popen(process_obj)
           ^^^^^^^^^^^^^^^^^^
  File "C:\Users\tyler\AppData\Local\Programs\Python\Python311\Lib\multiprocessing\popen_spawn_win32.py", line 46, in __init__
    prep_data = spawn.get_preparation_data(process_obj._name)
                ^^^^^^^^^^^^^^^^^^^^^^^^^^^^^^^^^^^^^^^^^^^^^
  File "C:\Users\tyler\AppData\Local\Programs\Python\Python311\Lib\multiprocessing\spawn.py", line 164, in get_preparation_data
    _check_not_importing_main()
  File "C:\Users\tyler\AppData\Local\Programs\Python\Python311\Lib\multiprocessing\spawn.py", line 140, in _check_not_importing_main
    raise RuntimeError('''
RuntimeError: 
        An attempt has been made to start a new process before the
        current process has finished its bootstrapping phase.

        This probably means that you are not using fork to start your
        child processes and you have forgotten to use the proper idiom
        in the main module:

            if __name__ == '__main__':
                freeze_support()
                ...

        The "freeze_support()" line can be omitted if the program
        is not going to be frozen to produce an executable.

        To fix this issue, refer to the "Safe importing of main module"
        section in https://docs.python.org/3/library/multiprocessing.html
        
nnUNet_raw is not defined and nnU-Net can only be used on data for which preprocessed files are already present on your system. nnU-Net cannot be used for experiment planning and preprocessing like this. If this is not intended, please read documentation/setting_up_paths.md for information on how to set this up properly.
nnUNet_preprocessed is not defined and nnU-Net can not be used for preprocessing or training. If this is not intended, please read documentation/setting_up_paths.md for information on how to set this up.
nnUNet_results is not defined and nnU-Net cannot be used for training or inference. If this is not intended behavior, please read documentation/setting_up_paths.md for information on how to set this up.
======================================================================
2D Inference - 剩餘 Validation Cases
======================================================================
模型: C:\CardiacSeg\nnUNet_results\Dataset001_CardiacSeg\nnUNetTrainer__nnUNetPlans__2d
輸出: C:\CardiacSeg\inference_2d_validation
Cases: ['patient0031', 'patient0033']
======================================================================
>> patient0031_0000.nii.gz
>> patient0033_0000.nii.gz

使用 device: cuda

初始化 predictor...
載入模型...
>> 模型載入完成

開始預測...
======================================================================
There are 2 cases in the source folder
I am processing 0 out of 1 (max process ID is 0, we start counting with 0!)
There are 2 cases that I would like to predict
overwrite was set to False, so I am only working on cases that haven't been predicted yet. That's 2 cases.

錯誤: 
        An attempt has been made to start a new process before the
        current process has finished its bootstrapping phase.

        This probably means that you are not using fork to start your
        child processes and you have forgotten to use the proper idiom
        in the main module:

            if __name__ == '__main__':
                freeze_support()
                ...

        The "freeze_support()" line can be omitted if the program
        is not going to be frozen to produce an executable.

        To fix this issue, refer to the "Safe importing of main module"
        section in https://docs.python.org/3/library/multiprocessing.html
        
Traceback (most recent call last):
  File "C:\CardiacSeg\complete_2d_inference.py", line 75, in <module>
    predictor.predict_from_files(
  File "C:\CardiacSeg\.venv\Lib\site-packages\nnunetv2\inference\predict_from_raw_data.py", line 268, in predict_from_files
    return self.predict_from_data_iterator(data_iterator, save_probabilities, num_processes_segmentation_export)
           ^^^^^^^^^^^^^^^^^^^^^^^^^^^^^^^^^^^^^^^^^^^^^^^^^^^^^^^^^^^^^^^^^^^^^^^^^^^^^^^^^^^^^^^^^^^^^^^^^^^^^
  File "C:\CardiacSeg\.venv\Lib\site-packages\nnunetv2\inference\predict_from_raw_data.py", line 358, in predict_from_data_iterator
    with multiprocessing.get_context("spawn").Pool(num_processes_segmentation_export) as export_pool:
         ^^^^^^^^^^^^^^^^^^^^^^^^^^^^^^^^^^^^^^^^^^^^^^^^^^^^^^^^^^^^^^^^^^^^^^^^^^^^
  File "C:\Users\tyler\AppData\Local\Programs\Python\Python311\Lib\multiprocessing\context.py", line 119, in Pool
    return Pool(processes, initializer, initargs, maxtasksperchild,
           ^^^^^^^^^^^^^^^^^^^^^^^^^^^^^^^^^^^^^^^^^^^^^^^^^^^^^^^^
  File "C:\Users\tyler\AppData\Local\Programs\Python\Python311\Lib\multiprocessing\pool.py", line 215, in __init__
    self._repopulate_pool()
  File "C:\Users\tyler\AppData\Local\Programs\Python\Python311\Lib\multiprocessing\pool.py", line 306, in _repopulate_pool
    return self._repopulate_pool_static(self._ctx, self.Process,
           ^^^^^^^^^^^^^^^^^^^^^^^^^^^^^^^^^^^^^^^^^^^^^^^^^^^^^
  File "C:\Users\tyler\AppData\Local\Programs\Python\Python311\Lib\multiprocessing\pool.py", line 329, in _repopulate_pool_static
    w.start()
  File "C:\Users\tyler\AppData\Local\Programs\Python\Python311\Lib\multiprocessing\process.py", line 121, in start
    self._popen = self._Popen(self)
                  ^^^^^^^^^^^^^^^^^
  File "C:\Users\tyler\AppData\Local\Programs\Python\Python311\Lib\multiprocessing\context.py", line 336, in _Popen
    return Popen(process_obj)
           ^^^^^^^^^^^^^^^^^^
  File "C:\Users\tyler\AppData\Local\Programs\Python\Python311\Lib\multiprocessing\popen_spawn_win32.py", line 46, in __init__
    prep_data = spawn.get_preparation_data(process_obj._name)
                ^^^^^^^^^^^^^^^^^^^^^^^^^^^^^^^^^^^^^^^^^^^^^
  File "C:\Users\tyler\AppData\Local\Programs\Python\Python311\Lib\multiprocessing\spawn.py", line 164, in get_preparation_data
    _check_not_importing_main()
  File "C:\Users\tyler\AppData\Local\Programs\Python\Python311\Lib\multiprocessing\spawn.py", line 140, in _check_not_importing_main
    raise RuntimeError('''
RuntimeError: 
        An attempt has been made to start a new process before the
        current process has finished its bootstrapping phase.

        This probably means that you are not using fork to start your
        child processes and you have forgotten to use the proper idiom
        in the main module:

            if __name__ == '__main__':
                freeze_support()
                ...

        The "freeze_support()" line can be omitted if the program
        is not going to be frozen to produce an executable.

        To fix this issue, refer to the "Safe importing of main module"
        section in https://docs.python.org/3/library/multiprocessing.html
        
nnUNet_raw is not defined and nnU-Net can only be used on data for which preprocessed files are already present on your system. nnU-Net cannot be used for experiment planning and preprocessing like this. If this is not intended, please read documentation/setting_up_paths.md for information on how to set this up properly.
nnUNet_preprocessed is not defined and nnU-Net can not be used for preprocessing or training. If this is not intended, please read documentation/setting_up_paths.md for information on how to set this up.
nnUNet_results is not defined and nnU-Net cannot be used for training or inference. If this is not intended behavior, please read documentation/setting_up_paths.md for information on how to set this up.
======================================================================
2D Inference - 剩餘 Validation Cases
======================================================================
模型: C:\CardiacSeg\nnUNet_results\Dataset001_CardiacSeg\nnUNetTrainer__nnUNetPlans__2d
輸出: C:\CardiacSeg\inference_2d_validation
Cases: ['patient0031', 'patient0033']
======================================================================
>> patient0031_0000.nii.gz
>> patient0033_0000.nii.gz

使用 device: cuda

初始化 predictor...
載入模型...
>> 模型載入完成

開始預測...
======================================================================
There are 2 cases in the source folder
I am processing 0 out of 1 (max process ID is 0, we start counting with 0!)
There are 2 cases that I would like to predict
overwrite was set to False, so I am only working on cases that haven't been predicted yet. That's 2 cases.

錯誤: 
        An attempt has been made to start a new process before the
        current process has finished its bootstrapping phase.

        This probably means that you are not using fork to start your
        child processes and you have forgotten to use the proper idiom
        in the main module:

            if __name__ == '__main__':
                freeze_support()
                ...

        The "freeze_support()" line can be omitted if the program
        is not going to be frozen to produce an executable.

        To fix this issue, refer to the "Safe importing of main module"
        section in https://docs.python.org/3/library/multiprocessing.html
        
