Traceback (most recent call last):
  File "<string>", line 1, in <module>
  File "C:\Users\tyler\AppData\Local\Programs\Python\Python311\Lib\multiprocessing\spawn.py", line 122, in spawn_main
    exitcode = _main(fd, parent_sentinel)
               ^^^^^^^^^^^^^^^^^^^^^^^^^^
  File "C:\Users\tyler\AppData\Local\Programs\Python\Python311\Lib\multiprocessing\spawn.py", line 131, in _main
    prepare(preparation_data)
  File "C:\Users\tyler\AppData\Local\Programs\Python\Python311\Lib\multiprocessing\spawn.py", line 246, in prepare
    _fixup_main_from_path(data['init_main_from_path'])
  File "C:\Users\tyler\AppData\Local\Programs\Python\Python311\Lib\multiprocessing\spawn.py", line 297, in _fixup_main_from_path
    main_content = runpy.run_path(main_path,
                   ^^^^^^^^^^^^^^^^^^^^^^^^^
  File "<frozen runpy>", line 291, in run_path
  File "<frozen runpy>", line 98, in _run_module_code
  File "<frozen runpy>", line 88, in _run_code
  File "C:\CardiacSeg\continue_training.py", line 40, in <module>
    run_training_entry()
  File "C:\CardiacSeg\.venv\Lib\site-packages\nnunetv2\run\run_training.py", line 266, in run_training_entry
    run_training(args.dataset_name_or_id, args.configuration, args.fold, args.tr, args.p, args.pretrained_weights,
  File "C:\CardiacSeg\.venv\Lib\site-packages\nnunetv2\run\run_training.py", line 207, in run_training
    nnunet_trainer.run_training()
  File "C:\CardiacSeg\.venv\Lib\site-packages\nnunetv2\training\nnUNetTrainer\nnUNetTrainer.py", line 1363, in run_training
    self.on_train_start()
  File "C:\CardiacSeg\.venv\Lib\site-packages\nnunetv2\training\nnUNetTrainer\nnUNetTrainer.py", line 900, in on_train_start
    self.dataloader_train, self.dataloader_val = self.get_dataloaders()
                                                 ^^^^^^^^^^^^^^^^^^^^^^
  File "C:\CardiacSeg\.venv\Lib\site-packages\nnunetv2\training\nnUNetTrainer\nnUNetTrainer.py", line 690, in get_dataloaders
    _ = next(mt_gen_train)
        ^^^^^^^^^^^^^^^^^^
  File "C:\CardiacSeg\.venv\Lib\site-packages\batchgenerators\dataloading\nondet_multi_threaded_augmenter.py", line 194, in __next__
    self._start()
  File "C:\CardiacSeg\.venv\Lib\site-packages\batchgenerators\dataloading\nondet_multi_threaded_augmenter.py", line 220, in _start
    _ = [i.start() for i in self._processes]
        ^^^^^^^^^^^^^^^^^^^^^^^^^^^^^^^^^^^^
  File "C:\CardiacSeg\.venv\Lib\site-packages\batchgenerators\dataloading\nondet_multi_threaded_augmenter.py", line 220, in <listcomp>
    _ = [i.start() for i in self._processes]
         ^^^^^^^^^
  File "C:\Users\tyler\AppData\Local\Programs\Python\Python311\Lib\multiprocessing\process.py", line 121, in start
    self._popen = self._Popen(self)
                  ^^^^^^^^^^^^^^^^^
  File "C:\Users\tyler\AppData\Local\Programs\Python\Python311\Lib\multiprocessing\context.py", line 224, in _Popen
    return _default_context.get_context().Process._Popen(process_obj)
           ^^^^^^^^^^^^^^^^^^^^^^^^^^^^^^^^^^^^^^^^^^^^^^^^^^^^^^^^^^
  File "C:\Users\tyler\AppData\Local\Programs\Python\Python311\Lib\multiprocessing\context.py", line 336, in _Popen
    return Popen(process_obj)
           ^^^^^^^^^^^^^^^^^^
  File "C:\Users\tyler\AppData\Local\Programs\Python\Python311\Lib\multiprocessing\popen_spawn_win32.py", line 46, in __init__
    prep_data = spawn.get_preparation_data(process_obj._name)
                ^^^^^^^^^^^^^^^^^^^^^^^^^^^^^^^^^^^^^^^^^^^^^
  File "C:\Users\tyler\AppData\Local\Programs\Python\Python311\Lib\multiprocessing\spawn.py", line 164, in get_preparation_data
    _check_not_importing_main()
  File "C:\Users\tyler\AppData\Local\Programs\Python\Python311\Lib\multiprocessing\spawn.py", line 140, in _check_not_importing_main
    raise RuntimeError('''
RuntimeError: 
        An attempt has been made to start a new process before the
        current process has finished its bootstrapping phase.

        This probably means that you are not using fork to start your
        child processes and you have forgotten to use the proper idiom
        in the main module:

            if __name__ == '__main__':
                freeze_support()
                ...

        The "freeze_support()" line can be omitted if the program
        is not going to be frozen to produce an executable.

        To fix this issue, refer to the "Safe importing of main module"
        section in https://docs.python.org/3/library/multiprocessing.html
        
Exception in thread Thread-1 (results_loop):
Traceback (most recent call last):
  File "C:\Users\tyler\AppData\Local\Programs\Python\Python311\Lib\threading.py", line 1045, in _bootstrap_inner
Traceback (most recent call last):
  File "C:\CardiacSeg\continue_training.py", line 40, in <module>
    run_training_entry()
  File "C:\CardiacSeg\.venv\Lib\site-packages\nnunetv2\run\run_training.py", line 266, in run_training_entry
    run_training(args.dataset_name_or_id, args.configuration, args.fold, args.tr, args.p, args.pretrained_weights,
  File "C:\CardiacSeg\.venv\Lib\site-packages\nnunetv2\run\run_training.py", line 207, in run_training
    nnunet_trainer.run_training()
  File "C:\CardiacSeg\.venv\Lib\site-packages\nnunetv2\training\nnUNetTrainer\nnUNetTrainer.py", line 1363, in run_training
    self.on_train_start()
  File "C:\CardiacSeg\.venv\Lib\site-packages\nnunetv2\training\nnUNetTrainer\nnUNetTrainer.py", line 900, in on_train_start
    self.dataloader_train, self.dataloader_val = self.get_dataloaders()
                                                 ^^^^^^^^^^^^^^^^^^^^^^
  File "C:\CardiacSeg\.venv\Lib\site-packages\nnunetv2\training\nnUNetTrainer\nnUNetTrainer.py", line 690, in get_dataloaders
    _ = next(mt_gen_train)
        ^^^^^^^^^^^^^^^^^^
  File "C:\CardiacSeg\.venv\Lib\site-packages\batchgenerators\dataloading\nondet_multi_threaded_augmenter.py", line 196, in __next__
    item = self.__get_next_item()
           ^^^^^^^^^^^^^^^^^^^^^^
  File "C:\CardiacSeg\.venv\Lib\site-packages\batchgenerators\dataloading\nondet_multi_threaded_augmenter.py", line 181, in __get_next_item
    raise RuntimeError("One or more background workers are no longer alive. Exiting. Please check the "
RuntimeError: One or more background workers are no longer alive. Exiting. Please check the print statements above for the actual error message
    self.run()
  File "C:\Users\tyler\AppData\Local\Programs\Python\Python311\Lib\threading.py", line 982, in run
    self._target(*self._args, **self._kwargs)
  File "C:\CardiacSeg\.venv\Lib\site-packages\batchgenerators\dataloading\nondet_multi_threaded_augmenter.py", line 125, in results_loop
    raise e
  File "C:\CardiacSeg\.venv\Lib\site-packages\batchgenerators\dataloading\nondet_multi_threaded_augmenter.py", line 103, in results_loop
    raise RuntimeError("One or more background workers are no longer alive. Exiting. Please check the "
RuntimeError: One or more background workers are no longer alive. Exiting. Please check the print statements above for the actual error message
