============================================================
^m 3d_lowres - Dataset001_CardiacSeg
============================================================
nnUNet_raw: C:\CardiacSeg\nnUNet_raw
nnUNet_preprocessed: C:\CardiacSeg\nnUNet_preprocessed
nnUNet_results: C:\CardiacSeg\nnUNet_results
Epochs: 250
============================================================

_始...
指令: run_training 001 3d_lowres 0 -p nnUNetPlans -device cuda --npz --c


############################
INFO: You are using the old nnU-Net default plans. We have updated our recommendations. Please consider using those instead! Read more here: https://github.com/MIC-DKFZ/nnUNet/blob/master/documentation/resenc_presets.md
############################

Using device: cuda:0

#######################################################################
Please cite the following paper when using nnU-Net:
Isensee, F., Jaeger, P. F., Kohl, S. A., Petersen, J., & Maier-Hein, K. H. (2021). nnU-Net: a self-configuring method for deep learning-based biomedical image segmentation. Nature methods, 18(2), 203-211.
#######################################################################

2025-11-19 19:28:35.550847: do_dummy_2d_data_aug: False
2025-11-19 19:28:35.564896: Using splits from existing split file: C:\CardiacSeg\nnUNet_preprocessed\Dataset001_CardiacSeg\splits_final.json
2025-11-19 19:28:35.598572: The split file contains 5 splits.
2025-11-19 19:28:35.607608: Desired fold for training: 0
2025-11-19 19:28:35.613625: This split has 40 training and 10 validation cases.
============================================================
^m 3d_lowres - Dataset001_CardiacSeg
============================================================
nnUNet_raw: C:\CardiacSeg\nnUNet_raw
nnUNet_preprocessed: C:\CardiacSeg\nnUNet_preprocessed
nnUNet_results: C:\CardiacSeg\nnUNet_results
Epochs: 250
============================================================

_始...
指令: run_training 001 3d_lowres 0 -p nnUNetPlans -device cuda --npz --c


############################
INFO: You are using the old nnU-Net default plans. We have updated our recommendations. Please consider using those instead! Read more here: https://github.com/MIC-DKFZ/nnUNet/blob/master/documentation/resenc_presets.md
############################

Using device: cuda:0

#######################################################################
Please cite the following paper when using nnU-Net:
Isensee, F., Jaeger, P. F., Kohl, S. A., Petersen, J., & Maier-Hein, K. H. (2021). nnU-Net: a self-configuring method for deep learning-based biomedical image segmentation. Nature methods, 18(2), 203-211.
#######################################################################

2025-11-19 19:28:27.247602: do_dummy_2d_data_aug: False
2025-11-19 19:28:27.257111: Using splits from existing split file: C:\CardiacSeg\nnUNet_preprocessed\Dataset001_CardiacSeg\splits_final.json
2025-11-19 19:28:27.265112: The split file contains 5 splits.
2025-11-19 19:28:27.272618: Desired fold for training: 0
2025-11-19 19:28:27.279123: This split has 40 training and 10 validation cases.
using pin_memory on device 0
